<?xml version="1.0" encoding="UTF-8"?>
<!-- Generated by org.testng.reporters.JUnitReportReporter -->
<testsuite skipped="0" hostname="DESKTOP-9TMSHC7" name="info.jtoledo.compiler.CompilerTest" tests="2" failures="0" timestamp="15 jun 2018 20:13:58 GMT" time="0.404" errors="0">
  <testcase name="runningCode_outputsExpectedText" time="0.162" classname="info.jtoledo.compiler.CompilerTest"/>
  <testcase name="runningCode_outputsExpectedText" time="0.242" classname="info.jtoledo.compiler.CompilerTest"/>
</testsuite> <!-- info.jtoledo.compiler.CompilerTest -->
